<?xml version="1.0" encoding="UTF-8"?>
<!-- Generated by org.testng.reporters.JUnitReportReporter -->
<testsuite hostname="TMZ-DPC-2238" failures="0" tests="1" name="runner.TestCucumberRunner" time="93.558" errors="0" timestamp="2023-11-28T15:09:49 IST" skipped="0">
  <testcase classname="runner.TestCucumberRunner" name="runScenario" time="93.558"/>
</testsuite> <!-- runner.TestCucumberRunner -->
